Watching for file changes with StatReloader
Watching for file changes with StatReloader
"GET / HTTP/1.1" 200 21624
"GET /static/css/themes/cihrpt-theme.css HTTP/1.1" 200 1445
"GET /static/css/xera-unified-theme.css HTTP/1.1" 200 16589
"GET /static/js/performance-optimizations.js HTTP/1.1" 200 19550
"GET /static/images/favicon.ico HTTP/1.1" 404 1981
Not Found: /sw.js
"GET /sw.js HTTP/1.1" 404 3928
"GET /projects/ HTTP/1.1" 200 296640
Not Found: /sw.js
"GET /sw.js HTTP/1.1" 404 3928
"GET /statistics/ HTTP/1.1" 200 24816
Not Found: /sw.js
"GET /sw.js HTTP/1.1" 404 3928
"GET /projects/ HTTP/1.1" 200 296640
Not Found: /sw.js
"GET /sw.js HTTP/1.1" 404 3928
Internal Server Error: /projects/171701/
Traceback (most recent call last):
  File "/Users/choxos/Documents/GitHub/CIHRPT/venv/lib/python3.12/site-packages/django/core/handlers/exception.py", line 55, in inner
    response = get_response(request)
               ^^^^^^^^^^^^^^^^^^^^^
  File "/Users/choxos/Documents/GitHub/CIHRPT/venv/lib/python3.12/site-packages/django/core/handlers/base.py", line 197, in _get_response
    response = wrapped_callback(request, *callback_args, **callback_kwargs)
               ^^^^^^^^^^^^^^^^^^^^^^^^^^^^^^^^^^^^^^^^^^^^^^^^^^^^^^^^^^^^
  File "/Users/choxos/Documents/GitHub/CIHRPT/tracker/views.py", line 117, in project_detail
    return render(request, 'tracker/project_detail.html', context)
           ^^^^^^^^^^^^^^^^^^^^^^^^^^^^^^^^^^^^^^^^^^^^^^^^^^^^^^^
  File "/Users/choxos/Documents/GitHub/CIHRPT/venv/lib/python3.12/site-packages/django/shortcuts.py", line 25, in render
    content = loader.render_to_string(template_name, context, request, using=using)
              ^^^^^^^^^^^^^^^^^^^^^^^^^^^^^^^^^^^^^^^^^^^^^^^^^^^^^^^^^^^^^^^^^^^^^
  File "/Users/choxos/Documents/GitHub/CIHRPT/venv/lib/python3.12/site-packages/django/template/loader.py", line 61, in render_to_string
    template = get_template(template_name, using=using)
               ^^^^^^^^^^^^^^^^^^^^^^^^^^^^^^^^^^^^^^^^
  File "/Users/choxos/Documents/GitHub/CIHRPT/venv/lib/python3.12/site-packages/django/template/loader.py", line 15, in get_template
    return engine.get_template(template_name)
           ^^^^^^^^^^^^^^^^^^^^^^^^^^^^^^^^^^
  File "/Users/choxos/Documents/GitHub/CIHRPT/venv/lib/python3.12/site-packages/django/template/backends/django.py", line 79, in get_template
    return Template(self.engine.get_template(template_name), self)
                    ^^^^^^^^^^^^^^^^^^^^^^^^^^^^^^^^^^^^^^^
  File "/Users/choxos/Documents/GitHub/CIHRPT/venv/lib/python3.12/site-packages/django/template/engine.py", line 177, in get_template
    template, origin = self.find_template(template_name)
                       ^^^^^^^^^^^^^^^^^^^^^^^^^^^^^^^^^
  File "/Users/choxos/Documents/GitHub/CIHRPT/venv/lib/python3.12/site-packages/django/template/engine.py", line 159, in find_template
    template = loader.get_template(name, skip=skip)
               ^^^^^^^^^^^^^^^^^^^^^^^^^^^^^^^^^^^^
  File "/Users/choxos/Documents/GitHub/CIHRPT/venv/lib/python3.12/site-packages/django/template/loaders/cached.py", line 57, in get_template
    template = super().get_template(template_name, skip)
               ^^^^^^^^^^^^^^^^^^^^^^^^^^^^^^^^^^^^^^^^^
  File "/Users/choxos/Documents/GitHub/CIHRPT/venv/lib/python3.12/site-packages/django/template/loaders/base.py", line 28, in get_template
    return Template(
           ^^^^^^^^^
  File "/Users/choxos/Documents/GitHub/CIHRPT/venv/lib/python3.12/site-packages/django/template/base.py", line 154, in __init__
    self.nodelist = self.compile_nodelist()
                    ^^^^^^^^^^^^^^^^^^^^^^^
  File "/Users/choxos/Documents/GitHub/CIHRPT/venv/lib/python3.12/site-packages/django/template/base.py", line 196, in compile_nodelist
    nodelist = parser.parse()
               ^^^^^^^^^^^^^^
  File "/Users/choxos/Documents/GitHub/CIHRPT/venv/lib/python3.12/site-packages/django/template/base.py", line 518, in parse
    raise self.error(token, e)
  File "/Users/choxos/Documents/GitHub/CIHRPT/venv/lib/python3.12/site-packages/django/template/base.py", line 516, in parse
    compiled_result = compile_func(self, token)
                      ^^^^^^^^^^^^^^^^^^^^^^^^^
  File "/Users/choxos/Documents/GitHub/CIHRPT/venv/lib/python3.12/site-packages/django/template/loader_tags.py", line 299, in do_extends
    nodelist = parser.parse()
               ^^^^^^^^^^^^^^
  File "/Users/choxos/Documents/GitHub/CIHRPT/venv/lib/python3.12/site-packages/django/template/base.py", line 518, in parse
    raise self.error(token, e)
  File "/Users/choxos/Documents/GitHub/CIHRPT/venv/lib/python3.12/site-packages/django/template/base.py", line 516, in parse
    compiled_result = compile_func(self, token)
                      ^^^^^^^^^^^^^^^^^^^^^^^^^
  File "/Users/choxos/Documents/GitHub/CIHRPT/venv/lib/python3.12/site-packages/django/template/loader_tags.py", line 234, in do_block
    nodelist = parser.parse(("endblock",))
               ^^^^^^^^^^^^^^^^^^^^^^^^^^^
  File "/Users/choxos/Documents/GitHub/CIHRPT/venv/lib/python3.12/site-packages/django/template/base.py", line 518, in parse
    raise self.error(token, e)
  File "/Users/choxos/Documents/GitHub/CIHRPT/venv/lib/python3.12/site-packages/django/template/base.py", line 516, in parse
    compiled_result = compile_func(self, token)
                      ^^^^^^^^^^^^^^^^^^^^^^^^^
  File "/Users/choxos/Documents/GitHub/CIHRPT/venv/lib/python3.12/site-packages/django/template/defaulttags.py", line 962, in do_if
    nodelist = parser.parse(("elif", "else", "endif"))
               ^^^^^^^^^^^^^^^^^^^^^^^^^^^^^^^^^^^^^^^
  File "/Users/choxos/Documents/GitHub/CIHRPT/venv/lib/python3.12/site-packages/django/template/base.py", line 518, in parse
    raise self.error(token, e)
  File "/Users/choxos/Documents/GitHub/CIHRPT/venv/lib/python3.12/site-packages/django/template/base.py", line 516, in parse
    compiled_result = compile_func(self, token)
                      ^^^^^^^^^^^^^^^^^^^^^^^^^
  File "/Users/choxos/Documents/GitHub/CIHRPT/venv/lib/python3.12/site-packages/django/template/defaulttags.py", line 861, in do_for
    sequence = parser.compile_filter(bits[in_index + 1])
               ^^^^^^^^^^^^^^^^^^^^^^^^^^^^^^^^^^^^^^^^^
  File "/Users/choxos/Documents/GitHub/CIHRPT/venv/lib/python3.12/site-packages/django/template/base.py", line 609, in compile_filter
    return FilterExpression(token, self)
           ^^^^^^^^^^^^^^^^^^^^^^^^^^^^^
  File "/Users/choxos/Documents/GitHub/CIHRPT/venv/lib/python3.12/site-packages/django/template/base.py", line 705, in __init__
    filter_func = parser.find_filter(filter_name)
                  ^^^^^^^^^^^^^^^^^^^^^^^^^^^^^^^
  File "/Users/choxos/Documents/GitHub/CIHRPT/venv/lib/python3.12/site-packages/django/template/base.py", line 615, in find_filter
    raise TemplateSyntaxError("Invalid filter: '%s'" % filter_name)
django.template.exceptions.TemplateSyntaxError: Invalid filter: 'split'
"GET /projects/171701/ HTTP/1.1" 500 240520
Not Found: /favicon.ico
"GET /favicon.ico HTTP/1.1" 404 3946
Not Found: /sw.js
"GET /sw.js HTTP/1.1" 404 3928
"GET /statistics/ HTTP/1.1" 200 24816
"GET /static/css/xera-unified-theme.css HTTP/1.1" 304 0
"GET /static/js/performance-optimizations.js HTTP/1.1" 304 0
"GET /static/css/themes/cihrpt-theme.css HTTP/1.1" 304 0
Not Found: /sw.js
"GET /sw.js HTTP/1.1" 404 3928
"GET / HTTP/1.1" 200 21624
Not Found: /sw.js
"GET /sw.js HTTP/1.1" 404 3928
"GET /api/ HTTP/1.1" 200 5267
"GET /static/rest_framework/css/bootstrap-tweaks.css HTTP/1.1" 200 3426
"GET /static/rest_framework/css/prettify.css HTTP/1.1" 200 817
"GET /static/rest_framework/css/default.css HTTP/1.1" 200 1152
"GET /static/rest_framework/js/prettify-min.js HTTP/1.1" 200 13632
"GET /static/rest_framework/js/csrf.js HTTP/1.1" 200 1793
"GET /static/rest_framework/js/jquery-3.7.1.min.js HTTP/1.1" 200 87533
"GET /static/rest_framework/js/ajax-form.js HTTP/1.1" 200 3796
"GET /static/rest_framework/css/bootstrap.min.css HTTP/1.1" 200 121457
"GET /static/rest_framework/js/bootstrap.min.js HTTP/1.1" 200 39680
"GET /static/rest_framework/js/default.js HTTP/1.1" 200 1268
"GET /static/rest_framework/js/load-ajax-form.js HTTP/1.1" 200 59
"GET /static/rest_framework/img/grid.png HTTP/1.1" 200 1458
"GET /projects/ HTTP/1.1" 200 296640
"GET /static/js/performance-optimizations.js HTTP/1.1" 304 0
"GET /static/css/themes/cihrpt-theme.css HTTP/1.1" 304 0
"GET /static/css/xera-unified-theme.css HTTP/1.1" 304 0
Not Found: /sw.js
"GET /sw.js HTTP/1.1" 404 3928
Internal Server Error: /projects/171701/
Traceback (most recent call last):
  File "/Users/choxos/Documents/GitHub/CIHRPT/venv/lib/python3.12/site-packages/django/template/defaulttags.py", line 1035, in find_library
    return parser.libraries[name]
           ~~~~~~~~~~~~~~~~^^^^^^
KeyError: 'tracker_filters'

During handling of the above exception, another exception occurred:

Traceback (most recent call last):
  File "/Users/choxos/Documents/GitHub/CIHRPT/venv/lib/python3.12/site-packages/django/core/handlers/exception.py", line 55, in inner
    response = get_response(request)
               ^^^^^^^^^^^^^^^^^^^^^
  File "/Users/choxos/Documents/GitHub/CIHRPT/venv/lib/python3.12/site-packages/django/core/handlers/base.py", line 197, in _get_response
    response = wrapped_callback(request, *callback_args, **callback_kwargs)
               ^^^^^^^^^^^^^^^^^^^^^^^^^^^^^^^^^^^^^^^^^^^^^^^^^^^^^^^^^^^^
  File "/Users/choxos/Documents/GitHub/CIHRPT/tracker/views.py", line 117, in project_detail
    return render(request, 'tracker/project_detail.html', context)
           ^^^^^^^^^^^^^^^^^^^^^^^^^^^^^^^^^^^^^^^^^^^^^^^^^^^^^^^
  File "/Users/choxos/Documents/GitHub/CIHRPT/venv/lib/python3.12/site-packages/django/shortcuts.py", line 25, in render
    content = loader.render_to_string(template_name, context, request, using=using)
              ^^^^^^^^^^^^^^^^^^^^^^^^^^^^^^^^^^^^^^^^^^^^^^^^^^^^^^^^^^^^^^^^^^^^^
  File "/Users/choxos/Documents/GitHub/CIHRPT/venv/lib/python3.12/site-packages/django/template/loader.py", line 61, in render_to_string
    template = get_template(template_name, using=using)
               ^^^^^^^^^^^^^^^^^^^^^^^^^^^^^^^^^^^^^^^^
  File "/Users/choxos/Documents/GitHub/CIHRPT/venv/lib/python3.12/site-packages/django/template/loader.py", line 15, in get_template
    return engine.get_template(template_name)
           ^^^^^^^^^^^^^^^^^^^^^^^^^^^^^^^^^^
  File "/Users/choxos/Documents/GitHub/CIHRPT/venv/lib/python3.12/site-packages/django/template/backends/django.py", line 79, in get_template
    return Template(self.engine.get_template(template_name), self)
                    ^^^^^^^^^^^^^^^^^^^^^^^^^^^^^^^^^^^^^^^
  File "/Users/choxos/Documents/GitHub/CIHRPT/venv/lib/python3.12/site-packages/django/template/engine.py", line 177, in get_template
    template, origin = self.find_template(template_name)
                       ^^^^^^^^^^^^^^^^^^^^^^^^^^^^^^^^^
  File "/Users/choxos/Documents/GitHub/CIHRPT/venv/lib/python3.12/site-packages/django/template/engine.py", line 159, in find_template
    template = loader.get_template(name, skip=skip)
               ^^^^^^^^^^^^^^^^^^^^^^^^^^^^^^^^^^^^
  File "/Users/choxos/Documents/GitHub/CIHRPT/venv/lib/python3.12/site-packages/django/template/loaders/cached.py", line 57, in get_template
    template = super().get_template(template_name, skip)
               ^^^^^^^^^^^^^^^^^^^^^^^^^^^^^^^^^^^^^^^^^
  File "/Users/choxos/Documents/GitHub/CIHRPT/venv/lib/python3.12/site-packages/django/template/loaders/base.py", line 28, in get_template
    return Template(
           ^^^^^^^^^
  File "/Users/choxos/Documents/GitHub/CIHRPT/venv/lib/python3.12/site-packages/django/template/base.py", line 154, in __init__
    self.nodelist = self.compile_nodelist()
                    ^^^^^^^^^^^^^^^^^^^^^^^
  File "/Users/choxos/Documents/GitHub/CIHRPT/venv/lib/python3.12/site-packages/django/template/base.py", line 196, in compile_nodelist
    nodelist = parser.parse()
               ^^^^^^^^^^^^^^
  File "/Users/choxos/Documents/GitHub/CIHRPT/venv/lib/python3.12/site-packages/django/template/base.py", line 518, in parse
    raise self.error(token, e)
  File "/Users/choxos/Documents/GitHub/CIHRPT/venv/lib/python3.12/site-packages/django/template/base.py", line 516, in parse
    compiled_result = compile_func(self, token)
                      ^^^^^^^^^^^^^^^^^^^^^^^^^
  File "/Users/choxos/Documents/GitHub/CIHRPT/venv/lib/python3.12/site-packages/django/template/loader_tags.py", line 299, in do_extends
    nodelist = parser.parse()
               ^^^^^^^^^^^^^^
  File "/Users/choxos/Documents/GitHub/CIHRPT/venv/lib/python3.12/site-packages/django/template/base.py", line 518, in parse
    raise self.error(token, e)
  File "/Users/choxos/Documents/GitHub/CIHRPT/venv/lib/python3.12/site-packages/django/template/base.py", line 516, in parse
    compiled_result = compile_func(self, token)
                      ^^^^^^^^^^^^^^^^^^^^^^^^^
  File "/Users/choxos/Documents/GitHub/CIHRPT/venv/lib/python3.12/site-packages/django/template/defaulttags.py", line 1097, in load
    lib = find_library(parser, name)
          ^^^^^^^^^^^^^^^^^^^^^^^^^^
  File "/Users/choxos/Documents/GitHub/CIHRPT/venv/lib/python3.12/site-packages/django/template/defaulttags.py", line 1037, in find_library
    raise TemplateSyntaxError(
django.template.exceptions.TemplateSyntaxError: 'tracker_filters' is not a registered tag library. Must be one of:
admin_list
admin_modify
admin_urls
cache
i18n
l10n
log
rest_framework
static
tz
"GET /projects/171701/ HTTP/1.1" 500 233892
Watching for file changes with StatReloader
Internal Server Error: /projects/171701/
Traceback (most recent call last):
  File "/Users/choxos/Documents/GitHub/CIHRPT/venv/lib/python3.12/site-packages/django/template/defaulttags.py", line 1035, in find_library
    return parser.libraries[name]
           ~~~~~~~~~~~~~~~~^^^^^^
KeyError: 'tracker_filters'

During handling of the above exception, another exception occurred:

Traceback (most recent call last):
  File "/Users/choxos/Documents/GitHub/CIHRPT/venv/lib/python3.12/site-packages/django/core/handlers/exception.py", line 55, in inner
    response = get_response(request)
               ^^^^^^^^^^^^^^^^^^^^^
  File "/Users/choxos/Documents/GitHub/CIHRPT/venv/lib/python3.12/site-packages/django/core/handlers/base.py", line 197, in _get_response
    response = wrapped_callback(request, *callback_args, **callback_kwargs)
               ^^^^^^^^^^^^^^^^^^^^^^^^^^^^^^^^^^^^^^^^^^^^^^^^^^^^^^^^^^^^
  File "/Users/choxos/Documents/GitHub/CIHRPT/tracker/views.py", line 117, in project_detail
    return render(request, 'tracker/project_detail.html', context)
           ^^^^^^^^^^^^^^^^^^^^^^^^^^^^^^^^^^^^^^^^^^^^^^^^^^^^^^^
  File "/Users/choxos/Documents/GitHub/CIHRPT/venv/lib/python3.12/site-packages/django/shortcuts.py", line 25, in render
    content = loader.render_to_string(template_name, context, request, using=using)
              ^^^^^^^^^^^^^^^^^^^^^^^^^^^^^^^^^^^^^^^^^^^^^^^^^^^^^^^^^^^^^^^^^^^^^
  File "/Users/choxos/Documents/GitHub/CIHRPT/venv/lib/python3.12/site-packages/django/template/loader.py", line 61, in render_to_string
    template = get_template(template_name, using=using)
               ^^^^^^^^^^^^^^^^^^^^^^^^^^^^^^^^^^^^^^^^
  File "/Users/choxos/Documents/GitHub/CIHRPT/venv/lib/python3.12/site-packages/django/template/loader.py", line 15, in get_template
    return engine.get_template(template_name)
           ^^^^^^^^^^^^^^^^^^^^^^^^^^^^^^^^^^
  File "/Users/choxos/Documents/GitHub/CIHRPT/venv/lib/python3.12/site-packages/django/template/backends/django.py", line 79, in get_template
    return Template(self.engine.get_template(template_name), self)
                    ^^^^^^^^^^^^^^^^^^^^^^^^^^^^^^^^^^^^^^^
  File "/Users/choxos/Documents/GitHub/CIHRPT/venv/lib/python3.12/site-packages/django/template/engine.py", line 177, in get_template
    template, origin = self.find_template(template_name)
                       ^^^^^^^^^^^^^^^^^^^^^^^^^^^^^^^^^
  File "/Users/choxos/Documents/GitHub/CIHRPT/venv/lib/python3.12/site-packages/django/template/engine.py", line 159, in find_template
    template = loader.get_template(name, skip=skip)
               ^^^^^^^^^^^^^^^^^^^^^^^^^^^^^^^^^^^^
  File "/Users/choxos/Documents/GitHub/CIHRPT/venv/lib/python3.12/site-packages/django/template/loaders/cached.py", line 57, in get_template
    template = super().get_template(template_name, skip)
               ^^^^^^^^^^^^^^^^^^^^^^^^^^^^^^^^^^^^^^^^^
  File "/Users/choxos/Documents/GitHub/CIHRPT/venv/lib/python3.12/site-packages/django/template/loaders/base.py", line 28, in get_template
    return Template(
           ^^^^^^^^^
  File "/Users/choxos/Documents/GitHub/CIHRPT/venv/lib/python3.12/site-packages/django/template/base.py", line 154, in __init__
    self.nodelist = self.compile_nodelist()
                    ^^^^^^^^^^^^^^^^^^^^^^^
  File "/Users/choxos/Documents/GitHub/CIHRPT/venv/lib/python3.12/site-packages/django/template/base.py", line 196, in compile_nodelist
    nodelist = parser.parse()
               ^^^^^^^^^^^^^^
  File "/Users/choxos/Documents/GitHub/CIHRPT/venv/lib/python3.12/site-packages/django/template/base.py", line 518, in parse
    raise self.error(token, e)
  File "/Users/choxos/Documents/GitHub/CIHRPT/venv/lib/python3.12/site-packages/django/template/base.py", line 516, in parse
    compiled_result = compile_func(self, token)
                      ^^^^^^^^^^^^^^^^^^^^^^^^^
  File "/Users/choxos/Documents/GitHub/CIHRPT/venv/lib/python3.12/site-packages/django/template/loader_tags.py", line 299, in do_extends
    nodelist = parser.parse()
               ^^^^^^^^^^^^^^
  File "/Users/choxos/Documents/GitHub/CIHRPT/venv/lib/python3.12/site-packages/django/template/base.py", line 518, in parse
    raise self.error(token, e)
  File "/Users/choxos/Documents/GitHub/CIHRPT/venv/lib/python3.12/site-packages/django/template/base.py", line 516, in parse
    compiled_result = compile_func(self, token)
                      ^^^^^^^^^^^^^^^^^^^^^^^^^
  File "/Users/choxos/Documents/GitHub/CIHRPT/venv/lib/python3.12/site-packages/django/template/defaulttags.py", line 1097, in load
    lib = find_library(parser, name)
          ^^^^^^^^^^^^^^^^^^^^^^^^^^
  File "/Users/choxos/Documents/GitHub/CIHRPT/venv/lib/python3.12/site-packages/django/template/defaulttags.py", line 1037, in find_library
    raise TemplateSyntaxError(
django.template.exceptions.TemplateSyntaxError: 'tracker_filters' is not a registered tag library. Must be one of:
admin_list
admin_modify
admin_urls
cache
i18n
l10n
log
rest_framework
static
tz
"GET /projects/171701/ HTTP/1.1" 500 234029
Not Found: /sw.js
"GET /sw.js HTTP/1.1" 404 3928
"GET / HTTP/1.1" 200 21624
"GET /static/js/performance-optimizations.js HTTP/1.1" 304 0
"GET /static/css/xera-unified-theme.css HTTP/1.1" 304 0
"GET /static/css/themes/cihrpt-theme.css HTTP/1.1" 304 0
Not Found: /sw.js
"GET /sw.js HTTP/1.1" 404 3928
"GET /projects/ HTTP/1.1" 200 297629
Not Found: /sw.js
"GET /sw.js HTTP/1.1" 404 3928
Internal Server Error: /projects/171701/
Traceback (most recent call last):
  File "/Users/choxos/Documents/GitHub/CIHRPT/venv/lib/python3.12/site-packages/django/template/defaulttags.py", line 1035, in find_library
    return parser.libraries[name]
           ~~~~~~~~~~~~~~~~^^^^^^
KeyError: 'tracker_filters'

During handling of the above exception, another exception occurred:

Traceback (most recent call last):
  File "/Users/choxos/Documents/GitHub/CIHRPT/venv/lib/python3.12/site-packages/django/core/handlers/exception.py", line 55, in inner
    response = get_response(request)
               ^^^^^^^^^^^^^^^^^^^^^
  File "/Users/choxos/Documents/GitHub/CIHRPT/venv/lib/python3.12/site-packages/django/core/handlers/base.py", line 197, in _get_response
    response = wrapped_callback(request, *callback_args, **callback_kwargs)
               ^^^^^^^^^^^^^^^^^^^^^^^^^^^^^^^^^^^^^^^^^^^^^^^^^^^^^^^^^^^^
  File "/Users/choxos/Documents/GitHub/CIHRPT/tracker/views.py", line 117, in project_detail
    return render(request, 'tracker/project_detail.html', context)
           ^^^^^^^^^^^^^^^^^^^^^^^^^^^^^^^^^^^^^^^^^^^^^^^^^^^^^^^
  File "/Users/choxos/Documents/GitHub/CIHRPT/venv/lib/python3.12/site-packages/django/shortcuts.py", line 25, in render
    content = loader.render_to_string(template_name, context, request, using=using)
              ^^^^^^^^^^^^^^^^^^^^^^^^^^^^^^^^^^^^^^^^^^^^^^^^^^^^^^^^^^^^^^^^^^^^^
  File "/Users/choxos/Documents/GitHub/CIHRPT/venv/lib/python3.12/site-packages/django/template/loader.py", line 61, in render_to_string
    template = get_template(template_name, using=using)
               ^^^^^^^^^^^^^^^^^^^^^^^^^^^^^^^^^^^^^^^^
  File "/Users/choxos/Documents/GitHub/CIHRPT/venv/lib/python3.12/site-packages/django/template/loader.py", line 15, in get_template
    return engine.get_template(template_name)
           ^^^^^^^^^^^^^^^^^^^^^^^^^^^^^^^^^^
  File "/Users/choxos/Documents/GitHub/CIHRPT/venv/lib/python3.12/site-packages/django/template/backends/django.py", line 79, in get_template
    return Template(self.engine.get_template(template_name), self)
                    ^^^^^^^^^^^^^^^^^^^^^^^^^^^^^^^^^^^^^^^
  File "/Users/choxos/Documents/GitHub/CIHRPT/venv/lib/python3.12/site-packages/django/template/engine.py", line 177, in get_template
    template, origin = self.find_template(template_name)
                       ^^^^^^^^^^^^^^^^^^^^^^^^^^^^^^^^^
  File "/Users/choxos/Documents/GitHub/CIHRPT/venv/lib/python3.12/site-packages/django/template/engine.py", line 159, in find_template
    template = loader.get_template(name, skip=skip)
               ^^^^^^^^^^^^^^^^^^^^^^^^^^^^^^^^^^^^
  File "/Users/choxos/Documents/GitHub/CIHRPT/venv/lib/python3.12/site-packages/django/template/loaders/cached.py", line 57, in get_template
    template = super().get_template(template_name, skip)
               ^^^^^^^^^^^^^^^^^^^^^^^^^^^^^^^^^^^^^^^^^
  File "/Users/choxos/Documents/GitHub/CIHRPT/venv/lib/python3.12/site-packages/django/template/loaders/base.py", line 28, in get_template
    return Template(
           ^^^^^^^^^
  File "/Users/choxos/Documents/GitHub/CIHRPT/venv/lib/python3.12/site-packages/django/template/base.py", line 154, in __init__
    self.nodelist = self.compile_nodelist()
                    ^^^^^^^^^^^^^^^^^^^^^^^
  File "/Users/choxos/Documents/GitHub/CIHRPT/venv/lib/python3.12/site-packages/django/template/base.py", line 196, in compile_nodelist
    nodelist = parser.parse()
               ^^^^^^^^^^^^^^
  File "/Users/choxos/Documents/GitHub/CIHRPT/venv/lib/python3.12/site-packages/django/template/base.py", line 518, in parse
    raise self.error(token, e)
  File "/Users/choxos/Documents/GitHub/CIHRPT/venv/lib/python3.12/site-packages/django/template/base.py", line 516, in parse
    compiled_result = compile_func(self, token)
                      ^^^^^^^^^^^^^^^^^^^^^^^^^
  File "/Users/choxos/Documents/GitHub/CIHRPT/venv/lib/python3.12/site-packages/django/template/loader_tags.py", line 299, in do_extends
    nodelist = parser.parse()
               ^^^^^^^^^^^^^^
  File "/Users/choxos/Documents/GitHub/CIHRPT/venv/lib/python3.12/site-packages/django/template/base.py", line 518, in parse
    raise self.error(token, e)
  File "/Users/choxos/Documents/GitHub/CIHRPT/venv/lib/python3.12/site-packages/django/template/base.py", line 516, in parse
    compiled_result = compile_func(self, token)
                      ^^^^^^^^^^^^^^^^^^^^^^^^^
  File "/Users/choxos/Documents/GitHub/CIHRPT/venv/lib/python3.12/site-packages/django/template/defaulttags.py", line 1097, in load
    lib = find_library(parser, name)
          ^^^^^^^^^^^^^^^^^^^^^^^^^^
  File "/Users/choxos/Documents/GitHub/CIHRPT/venv/lib/python3.12/site-packages/django/template/defaulttags.py", line 1037, in find_library
    raise TemplateSyntaxError(
django.template.exceptions.TemplateSyntaxError: 'tracker_filters' is not a registered tag library. Must be one of:
admin_list
admin_modify
admin_urls
cache
i18n
l10n
log
rest_framework
static
tz
"GET /projects/171701/ HTTP/1.1" 500 233892
Not Found: /sw.js
"GET /sw.js HTTP/1.1" 404 3928
Watching for file changes with StatReloader
"GET /projects/ HTTP/1.1" 200 298509
Not Found: /sw.js
"GET /sw.js HTTP/1.1" 404 3928
"GET /projects/171701/ HTTP/1.1" 200 25539
Not Found: /sw.js
"GET /sw.js HTTP/1.1" 404 3928
"GET / HTTP/1.1" 200 26139
Not Found: /sw.js
"GET /sw.js HTTP/1.1" 404 3928
"GET /projects/?search=covid HTTP/1.1" 200 148362
Not Found: /sw.js
"GET /sw.js HTTP/1.1" 404 3928
- Broken pipe from ('127.0.0.1', 64957)
"GET / HTTP/1.1" 200 26139
Not Found: /sw.js
"GET /sw.js HTTP/1.1" 404 3928
- Broken pipe from ('127.0.0.1', 64960)
"GET /statistics/ HTTP/1.1" 200 26685
Not Found: /sw.js
"GET /sw.js HTTP/1.1" 404 3928
"GET / HTTP/1.1" 200 26139
Not Found: /sw.js
"GET /sw.js HTTP/1.1" 404 3928
Watching for file changes with StatReloader
"GET / HTTP/1.1" 200 26397
"GET /static/css/xera-unified-theme.css HTTP/1.1" 304 0
"GET /static/js/performance-optimizations.js HTTP/1.1" 304 0
"GET /static/css/themes/cihrpt-theme.css HTTP/1.1" 304 0
Not Found: /sw.js
"GET /sw.js HTTP/1.1" 404 3928
"GET /statistics/ HTTP/1.1" 200 26943
Not Found: /sw.js
"GET /sw.js HTTP/1.1" 404 3928
"GET /projects/ HTTP/1.1" 200 298767
Not Found: /sw.js
"GET /sw.js HTTP/1.1" 404 3928
Watching for file changes with StatReloader
"GET / HTTP/1.1" 200 30040
"GET / HTTP/1.1" 200 30044
"GET /static/css/xera-unified-theme.css HTTP/1.1" 304 0
"GET /static/js/performance-optimizations.js HTTP/1.1" 304 0
"GET /static/css/themes/cihrpt-theme.css HTTP/1.1" 304 0
Not Found: /sw.js
"GET /sw.js HTTP/1.1" 404 3928
"GET /projects/?primary_institute=Neurosciences%2C%20Mental%20Health%20and%20Addiction HTTP/1.1" 200 19317342
- Broken pipe from ('127.0.0.1', 51005)
Not Found: /sw.js
"GET /sw.js HTTP/1.1" 404 3928
"GET /projects/ HTTP/1.1" 200 19283876
Not Found: /sw.js
"GET /sw.js HTTP/1.1" 404 3928
"GET /projects/467557/ HTTP/1.1" 200 17877
Not Found: /sw.js
"GET /sw.js HTTP/1.1" 404 3928
Not Found: /sw.js
"GET /sw.js HTTP/1.1" 404 3928
"GET /projects/467600/ HTTP/1.1" 200 20234
Not Found: /sw.js
"GET /sw.js HTTP/1.1" 404 3928
"GET /projects/168880/ HTTP/1.1" 200 29504
"GET /static/js/performance-optimizations.js HTTP/1.1" 304 0
"GET /static/css/xera-unified-theme.css HTTP/1.1" 304 0
"GET /static/css/themes/cihrpt-theme.css HTTP/1.1" 304 0
Not Found: /sw.js
"GET /sw.js HTTP/1.1" 404 3928
/Users/choxos/Documents/GitHub/CIHRPT/tracker/templatetags/tracker_filters.py changed, reloading.
/Users/choxos/Documents/GitHub/CIHRPT/tracker/templatetags/tracker_filters.py changed, reloading.
Watching for file changes with StatReloader
Watching for file changes with StatReloader
/Users/choxos/Documents/GitHub/CIHRPT/tracker/templatetags/tracker_filters.py changed, reloading.
/Users/choxos/Documents/GitHub/CIHRPT/tracker/templatetags/tracker_filters.py changed, reloading.
Watching for file changes with StatReloader
Watching for file changes with StatReloader
/Users/choxos/Documents/GitHub/CIHRPT/tracker/templatetags/tracker_filters.py changed, reloading.
Watching for file changes with StatReloader
/Users/choxos/Documents/GitHub/CIHRPT/tracker/templatetags/tracker_filters.py changed, reloading.
Watching for file changes with StatReloader
Watching for file changes with StatReloader
"GET /projects/171701/ HTTP/1.1" 200 28186
"GET /projects/168880/ HTTP/1.1" 200 31985
"GET /static/css/themes/cihrpt-theme.css HTTP/1.1" 304 0
"GET /static/js/performance-optimizations.js HTTP/1.1" 304 0
"GET /static/css/xera-unified-theme.css HTTP/1.1" 304 0
Not Found: /sw.js
"GET /sw.js HTTP/1.1" 404 3928
- Broken pipe from ('127.0.0.1', 58634)
"GET / HTTP/1.1" 200 30044
"GET /static/css/xera-unified-theme.css HTTP/1.1" 304 0
"GET /static/js/performance-optimizations.js HTTP/1.1" 304 0
"GET /static/css/themes/cihrpt-theme.css HTTP/1.1" 304 0
Not Found: /sw.js
"GET /sw.js HTTP/1.1" 404 3928
"GET /statistics/ HTTP/1.1" 200 27871
Not Found: /sw.js
"GET /sw.js HTTP/1.1" 404 3928
/Users/choxos/Documents/GitHub/CIHRPT/tracker/templatetags/tracker_filters.py changed, reloading.
/Users/choxos/Documents/GitHub/CIHRPT/tracker/templatetags/tracker_filters.py changed, reloading.
/Users/choxos/Documents/GitHub/CIHRPT/tracker/templatetags/tracker_filters.py changed, reloading.
Watching for file changes with StatReloader
Watching for file changes with StatReloader
Watching for file changes with StatReloader
Watching for file changes with StatReloader
"GET /projects/171701/ HTTP/1.1" 200 29904
/Users/choxos/Documents/GitHub/CIHRPT/tracker/views.py changed, reloading.
/Users/choxos/Documents/GitHub/CIHRPT/tracker/views.py changed, reloading.
/Users/choxos/Documents/GitHub/CIHRPT/tracker/views.py changed, reloading.
Watching for file changes with StatReloader
Watching for file changes with StatReloader
Watching for file changes with StatReloader
/Users/choxos/Documents/GitHub/CIHRPT/tracker/views.py changed, reloading.
/Users/choxos/Documents/GitHub/CIHRPT/tracker/views.py changed, reloading.
/Users/choxos/Documents/GitHub/CIHRPT/tracker/views.py changed, reloading.
Watching for file changes with StatReloader
Watching for file changes with StatReloader
Watching for file changes with StatReloader
"GET /statistics/ HTTP/1.1" 200 27871
"GET /static/css/themes/cihrpt-theme.css HTTP/1.1" 304 0
"GET /static/css/xera-unified-theme.css HTTP/1.1" 304 0
"GET /static/js/performance-optimizations.js HTTP/1.1" 304 0
Not Found: /sw.js
"GET /sw.js HTTP/1.1" 404 3928
"GET /projects/ HTTP/1.1" 200 19302903
/Users/choxos/Documents/GitHub/CIHRPT/tracker/views.py changed, reloading.
/Users/choxos/Documents/GitHub/CIHRPT/tracker/views.py changed, reloading.
/Users/choxos/Documents/GitHub/CIHRPT/tracker/views.py changed, reloading.
Watching for file changes with StatReloader
Watching for file changes with StatReloader
Watching for file changes with StatReloader
"GET /projects/467619/ HTTP/1.1" 200 22721
Not Found: /sw.js
"GET /sw.js HTTP/1.1" 404 3928
/Users/choxos/Documents/GitHub/CIHRPT/tracker/views.py changed, reloading.
/Users/choxos/Documents/GitHub/CIHRPT/tracker/views.py changed, reloading.
/Users/choxos/Documents/GitHub/CIHRPT/tracker/views.py changed, reloading.
Watching for file changes with StatReloader
Watching for file changes with StatReloader
Watching for file changes with StatReloader
Watching for file changes with StatReloader
"GET / HTTP/1.1" 200 30112
"GET /projects/168880/ HTTP/1.1" 200 33703
Not Found: /sw.js
"GET /sw.js HTTP/1.1" 404 3928
/Users/choxos/Documents/GitHub/CIHRPT/tracker/views.py changed, reloading.
/Users/choxos/Documents/GitHub/CIHRPT/tracker/views.py changed, reloading.
/Users/choxos/Documents/GitHub/CIHRPT/tracker/views.py changed, reloading.
/Users/choxos/Documents/GitHub/CIHRPT/tracker/views.py changed, reloading.
Watching for file changes with StatReloader
Watching for file changes with StatReloader
Watching for file changes with StatReloader
Watching for file changes with StatReloader
/Users/choxos/Documents/GitHub/CIHRPT/tracker/views.py changed, reloading.
/Users/choxos/Documents/GitHub/CIHRPT/tracker/views.py changed, reloading.
/Users/choxos/Documents/GitHub/CIHRPT/tracker/views.py changed, reloading.
/Users/choxos/Documents/GitHub/CIHRPT/tracker/views.py changed, reloading.
Watching for file changes with StatReloader
Watching for file changes with StatReloader
Watching for file changes with StatReloader
Watching for file changes with StatReloader
Watching for file changes with StatReloader
"GET /statistics/ HTTP/1.1" 200 37555
"GET /projects/168880/ HTTP/1.1" 200 33703
"GET /static/css/xera-unified-theme.css HTTP/1.1" 304 0
"GET /static/css/themes/cihrpt-theme.css HTTP/1.1" 304 0
"GET /static/js/performance-optimizations.js HTTP/1.1" 304 0
Not Found: /sw.js
"GET /sw.js HTTP/1.1" 404 3928
"GET / HTTP/1.1" 200 30112
Not Found: /sw.js
"GET /sw.js HTTP/1.1" 404 3928
"GET /statistics/ HTTP/1.1" 200 37549
Not Found: /sw.js
"GET /sw.js HTTP/1.1" 404 3928
"GET /projects/ HTTP/1.1" 200 16922228
Not Found: /sw.js
"GET /sw.js HTTP/1.1" 404 3928
/Users/choxos/Documents/GitHub/CIHRPT/tracker/views.py changed, reloading.
/Users/choxos/Documents/GitHub/CIHRPT/tracker/views.py changed, reloading.
/Users/choxos/Documents/GitHub/CIHRPT/tracker/views.py changed, reloading.
/Users/choxos/Documents/GitHub/CIHRPT/tracker/views.py changed, reloading.
/Users/choxos/Documents/GitHub/CIHRPT/tracker/views.py changed, reloading.
Watching for file changes with StatReloader
Watching for file changes with StatReloader
Watching for file changes with StatReloader
Watching for file changes with StatReloader
Watching for file changes with StatReloader
"GET / HTTP/1.1" 200 30112
Not Found: /sw.js
"GET /sw.js HTTP/1.1" 404 3928
/Users/choxos/Documents/GitHub/CIHRPT/tracker/urls.py changed, reloading.
/Users/choxos/Documents/GitHub/CIHRPT/tracker/urls.py changed, reloading.
/Users/choxos/Documents/GitHub/CIHRPT/tracker/urls.py changed, reloading.
/Users/choxos/Documents/GitHub/CIHRPT/tracker/urls.py changed, reloading.
/Users/choxos/Documents/GitHub/CIHRPT/tracker/urls.py changed, reloading.
Watching for file changes with StatReloader
Watching for file changes with StatReloader
Watching for file changes with StatReloader
Watching for file changes with StatReloader
Watching for file changes with StatReloader
Watching for file changes with StatReloader
"GET /institutions/ HTTP/1.1" 200 61247
"GET /cihr-institutes/ HTTP/1.1" 200 40194
/Users/choxos/Documents/GitHub/CIHRPT/tracker/views.py changed, reloading.
/Users/choxos/Documents/GitHub/CIHRPT/tracker/views.py changed, reloading.
/Users/choxos/Documents/GitHub/CIHRPT/tracker/views.py changed, reloading.
/Users/choxos/Documents/GitHub/CIHRPT/tracker/views.py changed, reloading.
/Users/choxos/Documents/GitHub/CIHRPT/tracker/views.py changed, reloading.
/Users/choxos/Documents/GitHub/CIHRPT/tracker/views.py changed, reloading.
Watching for file changes with StatReloader
Watching for file changes with StatReloader
Watching for file changes with StatReloader
Watching for file changes with StatReloader
Watching for file changes with StatReloader
Watching for file changes with StatReloader
Watching for file changes with StatReloader
"GET / HTTP/1.1" 200 29001
"GET / HTTP/1.1" 200 29001
"GET /static/css/themes/cihrpt-theme.css HTTP/1.1" 304 0
"GET /static/js/performance-optimizations.js HTTP/1.1" 304 0
"GET /static/css/xera-unified-theme.css HTTP/1.1" 304 0
Not Found: /sw.js
"GET /sw.js HTTP/1.1" 404 4468
"GET /projects/ HTTP/1.1" 200 16922546
Not Found: /sw.js
"GET /sw.js HTTP/1.1" 404 4468
"GET /projects/467619/ HTTP/1.1" 200 25027
Not Found: /sw.js
"GET /sw.js HTTP/1.1" 404 4468
"GET /cihr-institutes/ HTTP/1.1" 200 40194
Not Found: /sw.js
"GET /sw.js HTTP/1.1" 404 4468
"GET /cihr-institutes/ HTTP/1.1" 200 40194
Not Found: /sw.js
"GET /sw.js HTTP/1.1" 404 4468
- Broken pipe from ('127.0.0.1', 59267)
"GET /statistics/ HTTP/1.1" 200 37867
Not Found: /sw.js
"GET /sw.js HTTP/1.1" 404 4468
"GET /institutions/ HTTP/1.1" 200 61247
Not Found: /sw.js
"GET /sw.js HTTP/1.1" 404 4468
- Broken pipe from ('127.0.0.1', 59779)
"GET /institutions/ HTTP/1.1" 200 61247
Not Found: /sw.js
"GET /sw.js HTTP/1.1" 404 4468
Watching for file changes with StatReloader
"GET / HTTP/1.1" 200 29157
"HEAD /static/favicon.svg HTTP/1.1" 200 0
Watching for file changes with StatReloader
"GET / HTTP/1.1" 200 29157
"GET /static/css/themes/cihrpt-theme.css HTTP/1.1" 304 0
"GET /static/js/performance-optimizations.js HTTP/1.1" 304 0
"GET /static/css/xera-unified-theme.css HTTP/1.1" 304 0
Not Found: /sw.js
"GET /sw.js HTTP/1.1" 404 4468
"GET /static/favicon.ico HTTP/1.1" 200 1086
"GET /projects/?research_institution=University%20of%20Toronto HTTP/1.1" 200 16923038
Not Found: /sw.js
"GET /sw.js HTTP/1.1" 404 4468
"GET /projects/?search=&broad_study_type=&primary_institute=&primary_theme=&competition_year= HTTP/1.1" 200 16923446
Not Found: /sw.js
"GET /sw.js HTTP/1.1" 404 4468
"GET /institutions/ HTTP/1.1" 200 61403
Not Found: /sw.js
"GET /sw.js HTTP/1.1" 404 4468
"GET /static/favicon.ico HTTP/1.1" 304 0
"GET / HTTP/1.1" 200 29157
Not Found: /sw.js
"GET /sw.js HTTP/1.1" 404 4468
"GET / HTTP/1.1" 200 29157
"GET /static/js/performance-optimizations.js HTTP/1.1" 304 0
"GET /static/css/themes/cihrpt-theme.css HTTP/1.1" 304 0
"GET /static/css/xera-unified-theme.css HTTP/1.1" 304 0
"GET /static/favicon.ico HTTP/1.1" 304 0
Not Found: /sw.js
"GET /sw.js HTTP/1.1" 404 4468
Watching for file changes with StatReloader
"GET / HTTP/1.1" 200 29461
"HEAD /static/css/dark-theme.css HTTP/1.1" 200 0
Watching for file changes with StatReloader
Watching for file changes with StatReloader
Watching for file changes with StatReloader
Watching for file changes with StatReloader
Watching for file changes with StatReloader
Watching for file changes with StatReloader
Watching for file changes with StatReloader
/Users/choxos/Documents/GitHub/CIHRPT/tracker/models.py changed, reloading.
/Users/choxos/Documents/GitHub/CIHRPT/tracker/models.py changed, reloading.
/Users/choxos/Documents/GitHub/CIHRPT/tracker/models.py changed, reloading.
/Users/choxos/Documents/GitHub/CIHRPT/tracker/models.py changed, reloading.
/Users/choxos/Documents/GitHub/CIHRPT/tracker/models.py changed, reloading.
/Users/choxos/Documents/GitHub/CIHRPT/tracker/models.py changed, reloading.
/Users/choxos/Documents/GitHub/CIHRPT/tracker/models.py changed, reloading.
Watching for file changes with StatReloader
Watching for file changes with StatReloader
Watching for file changes with StatReloader
Watching for file changes with StatReloader
Watching for file changes with StatReloader
Watching for file changes with StatReloader
Watching for file changes with StatReloader
/Users/choxos/Documents/GitHub/CIHRPT/tracker/models.py changed, reloading.
/Users/choxos/Documents/GitHub/CIHRPT/tracker/models.py changed, reloading.
/Users/choxos/Documents/GitHub/CIHRPT/tracker/models.py changed, reloading.
/Users/choxos/Documents/GitHub/CIHRPT/tracker/models.py changed, reloading.
/Users/choxos/Documents/GitHub/CIHRPT/tracker/models.py changed, reloading.
Watching for file changes with StatReloader
Watching for file changes with StatReloader
/Users/choxos/Documents/GitHub/CIHRPT/tracker/models.py changed, reloading.
Watching for file changes with StatReloader
/Users/choxos/Documents/GitHub/CIHRPT/tracker/models.py changed, reloading.
Watching for file changes with StatReloader
Watching for file changes with StatReloader
Watching for file changes with StatReloader
Watching for file changes with StatReloader
/Users/choxos/Documents/GitHub/CIHRPT/tracker/models.py changed, reloading.
/Users/choxos/Documents/GitHub/CIHRPT/tracker/models.py changed, reloading.
/Users/choxos/Documents/GitHub/CIHRPT/tracker/models.py changed, reloading.
/Users/choxos/Documents/GitHub/CIHRPT/tracker/models.py changed, reloading.
/Users/choxos/Documents/GitHub/CIHRPT/tracker/models.py changed, reloading.
/Users/choxos/Documents/GitHub/CIHRPT/tracker/models.py changed, reloading.
/Users/choxos/Documents/GitHub/CIHRPT/tracker/models.py changed, reloading.
Watching for file changes with StatReloader
Watching for file changes with StatReloader
Watching for file changes with StatReloader
Watching for file changes with StatReloader
Watching for file changes with StatReloader
Watching for file changes with StatReloader
Watching for file changes with StatReloader
/Users/choxos/Documents/GitHub/CIHRPT/tracker/models.py changed, reloading.
/Users/choxos/Documents/GitHub/CIHRPT/tracker/models.py changed, reloading.
/Users/choxos/Documents/GitHub/CIHRPT/tracker/models.py changed, reloading.
/Users/choxos/Documents/GitHub/CIHRPT/tracker/models.py changed, reloading.
/Users/choxos/Documents/GitHub/CIHRPT/tracker/models.py changed, reloading.
/Users/choxos/Documents/GitHub/CIHRPT/tracker/models.py changed, reloading.
/Users/choxos/Documents/GitHub/CIHRPT/tracker/models.py changed, reloading.
Watching for file changes with StatReloader
Watching for file changes with StatReloader
Watching for file changes with StatReloader
Watching for file changes with StatReloader
Watching for file changes with StatReloader
Watching for file changes with StatReloader
Watching for file changes with StatReloader
/Users/choxos/Documents/GitHub/CIHRPT/tracker/models.py changed, reloading.
/Users/choxos/Documents/GitHub/CIHRPT/tracker/models.py changed, reloading.
/Users/choxos/Documents/GitHub/CIHRPT/tracker/models.py changed, reloading.
/Users/choxos/Documents/GitHub/CIHRPT/tracker/models.py changed, reloading.
/Users/choxos/Documents/GitHub/CIHRPT/tracker/models.py changed, reloading.
/Users/choxos/Documents/GitHub/CIHRPT/tracker/models.py changed, reloading.
/Users/choxos/Documents/GitHub/CIHRPT/tracker/models.py changed, reloading.
Watching for file changes with StatReloader
Watching for file changes with StatReloader
Watching for file changes with StatReloader
Watching for file changes with StatReloader
Watching for file changes with StatReloader
Watching for file changes with StatReloader
Watching for file changes with StatReloader
/Users/choxos/Documents/GitHub/CIHRPT/tracker/models.py changed, reloading.
/Users/choxos/Documents/GitHub/CIHRPT/tracker/models.py changed, reloading.
/Users/choxos/Documents/GitHub/CIHRPT/tracker/models.py changed, reloading.
/Users/choxos/Documents/GitHub/CIHRPT/tracker/models.py changed, reloading.
/Users/choxos/Documents/GitHub/CIHRPT/tracker/models.py changed, reloading.
/Users/choxos/Documents/GitHub/CIHRPT/tracker/models.py changed, reloading.
/Users/choxos/Documents/GitHub/CIHRPT/tracker/models.py changed, reloading.
Watching for file changes with StatReloader
Watching for file changes with StatReloader
Watching for file changes with StatReloader
Watching for file changes with StatReloader
Watching for file changes with StatReloader
Watching for file changes with StatReloader
Watching for file changes with StatReloader
/Users/choxos/Documents/GitHub/CIHRPT/tracker/models.py changed, reloading.
/Users/choxos/Documents/GitHub/CIHRPT/tracker/models.py changed, reloading.
Watching for file changes with StatReloader
Watching for file changes with StatReloader
/Users/choxos/Documents/GitHub/CIHRPT/tracker/models.py changed, reloading.
/Users/choxos/Documents/GitHub/CIHRPT/tracker/models.py changed, reloading.
/Users/choxos/Documents/GitHub/CIHRPT/tracker/models.py changed, reloading.
/Users/choxos/Documents/GitHub/CIHRPT/tracker/models.py changed, reloading.
/Users/choxos/Documents/GitHub/CIHRPT/tracker/models.py changed, reloading.
Watching for file changes with StatReloader
Watching for file changes with StatReloader
Watching for file changes with StatReloader
Watching for file changes with StatReloader
Watching for file changes with StatReloader
/Users/choxos/Documents/GitHub/CIHRPT/tracker/models.py changed, reloading.
/Users/choxos/Documents/GitHub/CIHRPT/tracker/models.py changed, reloading.
/Users/choxos/Documents/GitHub/CIHRPT/tracker/models.py changed, reloading.
/Users/choxos/Documents/GitHub/CIHRPT/tracker/models.py changed, reloading.
/Users/choxos/Documents/GitHub/CIHRPT/tracker/models.py changed, reloading.
/Users/choxos/Documents/GitHub/CIHRPT/tracker/models.py changed, reloading.
/Users/choxos/Documents/GitHub/CIHRPT/tracker/models.py changed, reloading.
Watching for file changes with StatReloader
Watching for file changes with StatReloader
Watching for file changes with StatReloader
Watching for file changes with StatReloader
Watching for file changes with StatReloader
Watching for file changes with StatReloader
Watching for file changes with StatReloader
/Users/choxos/Documents/GitHub/CIHRPT/tracker/models.py changed, reloading.
/Users/choxos/Documents/GitHub/CIHRPT/tracker/models.py changed, reloading.
/Users/choxos/Documents/GitHub/CIHRPT/tracker/models.py changed, reloading.
/Users/choxos/Documents/GitHub/CIHRPT/tracker/models.py changed, reloading.
/Users/choxos/Documents/GitHub/CIHRPT/tracker/models.py changed, reloading.
Watching for file changes with StatReloader
Watching for file changes with StatReloader
Watching for file changes with StatReloader
Watching for file changes with StatReloader
Watching for file changes with StatReloader
/Users/choxos/Documents/GitHub/CIHRPT/tracker/models.py changed, reloading.
/Users/choxos/Documents/GitHub/CIHRPT/tracker/models.py changed, reloading.
Watching for file changes with StatReloader
Watching for file changes with StatReloader
/Users/choxos/Documents/GitHub/CIHRPT/tracker/models.py changed, reloading.
/Users/choxos/Documents/GitHub/CIHRPT/tracker/models.py changed, reloading.
/Users/choxos/Documents/GitHub/CIHRPT/tracker/models.py changed, reloading.
/Users/choxos/Documents/GitHub/CIHRPT/tracker/models.py changed, reloading.
/Users/choxos/Documents/GitHub/CIHRPT/tracker/models.py changed, reloading.
/Users/choxos/Documents/GitHub/CIHRPT/tracker/models.py changed, reloading.
/Users/choxos/Documents/GitHub/CIHRPT/tracker/models.py changed, reloading.
Watching for file changes with StatReloader
Watching for file changes with StatReloader
Watching for file changes with StatReloader
Watching for file changes with StatReloader
Watching for file changes with StatReloader
Watching for file changes with StatReloader
Watching for file changes with StatReloader
/Users/choxos/Documents/GitHub/CIHRPT/cihrpt_project/settings.py changed, reloading.
/Users/choxos/Documents/GitHub/CIHRPT/cihrpt_project/settings.py changed, reloading.
/Users/choxos/Documents/GitHub/CIHRPT/cihrpt_project/settings.py changed, reloading.
/Users/choxos/Documents/GitHub/CIHRPT/cihrpt_project/settings.py changed, reloading.
/Users/choxos/Documents/GitHub/CIHRPT/cihrpt_project/settings.py changed, reloading.
/Users/choxos/Documents/GitHub/CIHRPT/cihrpt_project/settings.py changed, reloading.
/Users/choxos/Documents/GitHub/CIHRPT/cihrpt_project/settings.py changed, reloading.
Watching for file changes with StatReloader
Watching for file changes with StatReloader
Watching for file changes with StatReloader
Watching for file changes with StatReloader
Watching for file changes with StatReloader
Watching for file changes with StatReloader
Watching for file changes with StatReloader
/Users/choxos/Documents/GitHub/CIHRPT/tracker/views.py changed, reloading.
/Users/choxos/Documents/GitHub/CIHRPT/tracker/views.py changed, reloading.
/Users/choxos/Documents/GitHub/CIHRPT/tracker/views.py changed, reloading.
/Users/choxos/Documents/GitHub/CIHRPT/tracker/views.py changed, reloading.
/Users/choxos/Documents/GitHub/CIHRPT/tracker/views.py changed, reloading.
/Users/choxos/Documents/GitHub/CIHRPT/tracker/views.py changed, reloading.
/Users/choxos/Documents/GitHub/CIHRPT/tracker/views.py changed, reloading.
Watching for file changes with StatReloader
Watching for file changes with StatReloader
Watching for file changes with StatReloader
Watching for file changes with StatReloader
Watching for file changes with StatReloader
Watching for file changes with StatReloader
Watching for file changes with StatReloader
/Users/choxos/Documents/GitHub/CIHRPT/cihrpt_project/settings.py changed, reloading.
/Users/choxos/Documents/GitHub/CIHRPT/cihrpt_project/settings.py changed, reloading.
/Users/choxos/Documents/GitHub/CIHRPT/cihrpt_project/settings.py changed, reloading.
/Users/choxos/Documents/GitHub/CIHRPT/cihrpt_project/settings.py changed, reloading.
/Users/choxos/Documents/GitHub/CIHRPT/cihrpt_project/settings.py changed, reloading.
/Users/choxos/Documents/GitHub/CIHRPT/cihrpt_project/settings.py changed, reloading.
/Users/choxos/Documents/GitHub/CIHRPT/cihrpt_project/settings.py changed, reloading.
Watching for file changes with StatReloader
Watching for file changes with StatReloader
Watching for file changes with StatReloader
Watching for file changes with StatReloader
Watching for file changes with StatReloader
Watching for file changes with StatReloader
Watching for file changes with StatReloader
/Users/choxos/Documents/GitHub/CIHRPT/cihrpt_project/settings.py changed, reloading.
/Users/choxos/Documents/GitHub/CIHRPT/cihrpt_project/settings.py changed, reloading.
/Users/choxos/Documents/GitHub/CIHRPT/cihrpt_project/settings.py changed, reloading.
/Users/choxos/Documents/GitHub/CIHRPT/cihrpt_project/settings.py changed, reloading.
/Users/choxos/Documents/GitHub/CIHRPT/cihrpt_project/settings.py changed, reloading.
/Users/choxos/Documents/GitHub/CIHRPT/cihrpt_project/settings.py changed, reloading.
/Users/choxos/Documents/GitHub/CIHRPT/cihrpt_project/settings.py changed, reloading.
Watching for file changes with StatReloader
Watching for file changes with StatReloader
Watching for file changes with StatReloader
Watching for file changes with StatReloader
Watching for file changes with StatReloader
Watching for file changes with StatReloader
Watching for file changes with StatReloader
/Users/choxos/Documents/GitHub/CIHRPT/cihrpt_project/settings.py changed, reloading.
/Users/choxos/Documents/GitHub/CIHRPT/cihrpt_project/settings.py changed, reloading.
/Users/choxos/Documents/GitHub/CIHRPT/cihrpt_project/settings.py changed, reloading.
/Users/choxos/Documents/GitHub/CIHRPT/cihrpt_project/settings.py changed, reloading.
/Users/choxos/Documents/GitHub/CIHRPT/cihrpt_project/settings.py changed, reloading.
/Users/choxos/Documents/GitHub/CIHRPT/cihrpt_project/settings.py changed, reloading.
/Users/choxos/Documents/GitHub/CIHRPT/cihrpt_project/settings.py changed, reloading.
Watching for file changes with StatReloader
Watching for file changes with StatReloader
Watching for file changes with StatReloader
Watching for file changes with StatReloader
Watching for file changes with StatReloader
Watching for file changes with StatReloader
Watching for file changes with StatReloader
/Users/choxos/Documents/GitHub/CIHRPT/tracker/models.py changed, reloading.
/Users/choxos/Documents/GitHub/CIHRPT/tracker/models.py changed, reloading.
/Users/choxos/Documents/GitHub/CIHRPT/tracker/models.py changed, reloading.
/Users/choxos/Documents/GitHub/CIHRPT/tracker/models.py changed, reloading.
/Users/choxos/Documents/GitHub/CIHRPT/tracker/models.py changed, reloading.
/Users/choxos/Documents/GitHub/CIHRPT/tracker/models.py changed, reloading.
/Users/choxos/Documents/GitHub/CIHRPT/tracker/models.py changed, reloading.
Watching for file changes with StatReloader
Watching for file changes with StatReloader
Watching for file changes with StatReloader
Watching for file changes with StatReloader
Watching for file changes with StatReloader
Watching for file changes with StatReloader
Watching for file changes with StatReloader
/Users/choxos/Documents/GitHub/CIHRPT/tracker/views.py changed, reloading.
/Users/choxos/Documents/GitHub/CIHRPT/tracker/views.py changed, reloading.
/Users/choxos/Documents/GitHub/CIHRPT/tracker/views.py changed, reloading.
/Users/choxos/Documents/GitHub/CIHRPT/tracker/views.py changed, reloading.
/Users/choxos/Documents/GitHub/CIHRPT/tracker/views.py changed, reloading.
Watching for file changes with StatReloader
Watching for file changes with StatReloader
Watching for file changes with StatReloader
Watching for file changes with StatReloader
Watching for file changes with StatReloader
/Users/choxos/Documents/GitHub/CIHRPT/tracker/views.py changed, reloading.
/Users/choxos/Documents/GitHub/CIHRPT/tracker/views.py changed, reloading.
Watching for file changes with StatReloader
Watching for file changes with StatReloader
/Users/choxos/Documents/GitHub/CIHRPT/tracker/views.py changed, reloading.
/Users/choxos/Documents/GitHub/CIHRPT/tracker/views.py changed, reloading.
/Users/choxos/Documents/GitHub/CIHRPT/tracker/views.py changed, reloading.
/Users/choxos/Documents/GitHub/CIHRPT/tracker/views.py changed, reloading.
/Users/choxos/Documents/GitHub/CIHRPT/tracker/views.py changed, reloading.
/Users/choxos/Documents/GitHub/CIHRPT/tracker/views.py changed, reloading.
/Users/choxos/Documents/GitHub/CIHRPT/tracker/views.py changed, reloading.
Watching for file changes with StatReloader
Watching for file changes with StatReloader
Watching for file changes with StatReloader
Watching for file changes with StatReloader
Watching for file changes with StatReloader
Watching for file changes with StatReloader
Watching for file changes with StatReloader
/Users/choxos/Documents/GitHub/CIHRPT/tracker/views.py changed, reloading.
/Users/choxos/Documents/GitHub/CIHRPT/tracker/views.py changed, reloading.
/Users/choxos/Documents/GitHub/CIHRPT/tracker/views.py changed, reloading.
/Users/choxos/Documents/GitHub/CIHRPT/tracker/views.py changed, reloading.
/Users/choxos/Documents/GitHub/CIHRPT/tracker/views.py changed, reloading.
/Users/choxos/Documents/GitHub/CIHRPT/tracker/views.py changed, reloading.
/Users/choxos/Documents/GitHub/CIHRPT/tracker/views.py changed, reloading.
Watching for file changes with StatReloader
Watching for file changes with StatReloader
Watching for file changes with StatReloader
Watching for file changes with StatReloader
Watching for file changes with StatReloader
Watching for file changes with StatReloader
Watching for file changes with StatReloader
/Users/choxos/Documents/GitHub/CIHRPT/tracker/views.py changed, reloading.
/Users/choxos/Documents/GitHub/CIHRPT/tracker/views.py changed, reloading.
/Users/choxos/Documents/GitHub/CIHRPT/tracker/views.py changed, reloading.
/Users/choxos/Documents/GitHub/CIHRPT/tracker/views.py changed, reloading.
/Users/choxos/Documents/GitHub/CIHRPT/tracker/views.py changed, reloading.
/Users/choxos/Documents/GitHub/CIHRPT/tracker/views.py changed, reloading.
/Users/choxos/Documents/GitHub/CIHRPT/tracker/views.py changed, reloading.
Watching for file changes with StatReloader
Watching for file changes with StatReloader
Watching for file changes with StatReloader
Watching for file changes with StatReloader
Watching for file changes with StatReloader
Watching for file changes with StatReloader
Watching for file changes with StatReloader
/Users/choxos/Documents/GitHub/CIHRPT/tracker/views.py changed, reloading.
/Users/choxos/Documents/GitHub/CIHRPT/tracker/views.py changed, reloading.
/Users/choxos/Documents/GitHub/CIHRPT/tracker/views.py changed, reloading.
/Users/choxos/Documents/GitHub/CIHRPT/tracker/views.py changed, reloading.
/Users/choxos/Documents/GitHub/CIHRPT/tracker/views.py changed, reloading.
/Users/choxos/Documents/GitHub/CIHRPT/tracker/views.py changed, reloading.
/Users/choxos/Documents/GitHub/CIHRPT/tracker/views.py changed, reloading.
Watching for file changes with StatReloader
Watching for file changes with StatReloader
Watching for file changes with StatReloader
Watching for file changes with StatReloader
Watching for file changes with StatReloader
Watching for file changes with StatReloader
Watching for file changes with StatReloader
/Users/choxos/Documents/GitHub/CIHRPT/tracker/views.py changed, reloading.
/Users/choxos/Documents/GitHub/CIHRPT/tracker/views.py changed, reloading.
/Users/choxos/Documents/GitHub/CIHRPT/tracker/views.py changed, reloading.
/Users/choxos/Documents/GitHub/CIHRPT/tracker/views.py changed, reloading.
/Users/choxos/Documents/GitHub/CIHRPT/tracker/views.py changed, reloading.
/Users/choxos/Documents/GitHub/CIHRPT/tracker/views.py changed, reloading.
/Users/choxos/Documents/GitHub/CIHRPT/tracker/views.py changed, reloading.
Watching for file changes with StatReloader
Watching for file changes with StatReloader
Watching for file changes with StatReloader
Watching for file changes with StatReloader
Watching for file changes with StatReloader
Watching for file changes with StatReloader
Watching for file changes with StatReloader
/Users/choxos/Documents/GitHub/CIHRPT/tracker/views.py changed, reloading.
/Users/choxos/Documents/GitHub/CIHRPT/tracker/views.py changed, reloading.
/Users/choxos/Documents/GitHub/CIHRPT/tracker/views.py changed, reloading.
/Users/choxos/Documents/GitHub/CIHRPT/tracker/views.py changed, reloading.
/Users/choxos/Documents/GitHub/CIHRPT/tracker/views.py changed, reloading.
/Users/choxos/Documents/GitHub/CIHRPT/tracker/views.py changed, reloading.
/Users/choxos/Documents/GitHub/CIHRPT/tracker/views.py changed, reloading.
Watching for file changes with StatReloader
Watching for file changes with StatReloader
Watching for file changes with StatReloader
Watching for file changes with StatReloader
Watching for file changes with StatReloader
Watching for file changes with StatReloader
Watching for file changes with StatReloader
/Users/choxos/Documents/GitHub/CIHRPT/tracker/views.py changed, reloading.
/Users/choxos/Documents/GitHub/CIHRPT/tracker/views.py changed, reloading.
/Users/choxos/Documents/GitHub/CIHRPT/tracker/views.py changed, reloading.
/Users/choxos/Documents/GitHub/CIHRPT/tracker/views.py changed, reloading.
/Users/choxos/Documents/GitHub/CIHRPT/tracker/views.py changed, reloading.
/Users/choxos/Documents/GitHub/CIHRPT/tracker/views.py changed, reloading.
/Users/choxos/Documents/GitHub/CIHRPT/tracker/views.py changed, reloading.
Watching for file changes with StatReloader
Watching for file changes with StatReloader
Watching for file changes with StatReloader
Watching for file changes with StatReloader
Watching for file changes with StatReloader
Watching for file changes with StatReloader
Watching for file changes with StatReloader
/Users/choxos/Documents/GitHub/CIHRPT/tracker/views.py changed, reloading.
/Users/choxos/Documents/GitHub/CIHRPT/tracker/views.py changed, reloading.
/Users/choxos/Documents/GitHub/CIHRPT/tracker/views.py changed, reloading.
/Users/choxos/Documents/GitHub/CIHRPT/tracker/views.py changed, reloading.
/Users/choxos/Documents/GitHub/CIHRPT/tracker/views.py changed, reloading.
/Users/choxos/Documents/GitHub/CIHRPT/tracker/views.py changed, reloading.
/Users/choxos/Documents/GitHub/CIHRPT/tracker/views.py changed, reloading.
Watching for file changes with StatReloader
Watching for file changes with StatReloader
Watching for file changes with StatReloader
Watching for file changes with StatReloader
Watching for file changes with StatReloader
Watching for file changes with StatReloader
Watching for file changes with StatReloader
/Users/choxos/Documents/GitHub/CIHRPT/tracker/views.py changed, reloading.
/Users/choxos/Documents/GitHub/CIHRPT/tracker/views.py changed, reloading.
/Users/choxos/Documents/GitHub/CIHRPT/tracker/views.py changed, reloading.
/Users/choxos/Documents/GitHub/CIHRPT/tracker/views.py changed, reloading.
/Users/choxos/Documents/GitHub/CIHRPT/tracker/views.py changed, reloading.
/Users/choxos/Documents/GitHub/CIHRPT/tracker/views.py changed, reloading.
/Users/choxos/Documents/GitHub/CIHRPT/tracker/views.py changed, reloading.
Watching for file changes with StatReloader
Watching for file changes with StatReloader
Watching for file changes with StatReloader
Watching for file changes with StatReloader
Watching for file changes with StatReloader
Watching for file changes with StatReloader
Watching for file changes with StatReloader
/Users/choxos/Documents/GitHub/CIHRPT/tracker/views.py changed, reloading.
/Users/choxos/Documents/GitHub/CIHRPT/tracker/views.py changed, reloading.
/Users/choxos/Documents/GitHub/CIHRPT/tracker/views.py changed, reloading.
/Users/choxos/Documents/GitHub/CIHRPT/tracker/views.py changed, reloading.
/Users/choxos/Documents/GitHub/CIHRPT/tracker/views.py changed, reloading.
/Users/choxos/Documents/GitHub/CIHRPT/tracker/views.py changed, reloading.
/Users/choxos/Documents/GitHub/CIHRPT/tracker/views.py changed, reloading.
Watching for file changes with StatReloader
Watching for file changes with StatReloader
Watching for file changes with StatReloader
Watching for file changes with StatReloader
Watching for file changes with StatReloader
Watching for file changes with StatReloader
Watching for file changes with StatReloader
/Users/choxos/Documents/GitHub/CIHRPT/tracker/views.py changed, reloading.
/Users/choxos/Documents/GitHub/CIHRPT/tracker/views.py changed, reloading.
/Users/choxos/Documents/GitHub/CIHRPT/tracker/views.py changed, reloading.
/Users/choxos/Documents/GitHub/CIHRPT/tracker/views.py changed, reloading.
/Users/choxos/Documents/GitHub/CIHRPT/tracker/views.py changed, reloading.
/Users/choxos/Documents/GitHub/CIHRPT/tracker/views.py changed, reloading.
/Users/choxos/Documents/GitHub/CIHRPT/tracker/views.py changed, reloading.
Watching for file changes with StatReloader
Watching for file changes with StatReloader
Watching for file changes with StatReloader
Watching for file changes with StatReloader
Watching for file changes with StatReloader
Watching for file changes with StatReloader
Watching for file changes with StatReloader
/Users/choxos/Documents/GitHub/CIHRPT/tracker/views.py changed, reloading.
/Users/choxos/Documents/GitHub/CIHRPT/tracker/views.py changed, reloading.
/Users/choxos/Documents/GitHub/CIHRPT/tracker/views.py changed, reloading.
/Users/choxos/Documents/GitHub/CIHRPT/tracker/views.py changed, reloading.
/Users/choxos/Documents/GitHub/CIHRPT/tracker/views.py changed, reloading.
/Users/choxos/Documents/GitHub/CIHRPT/tracker/views.py changed, reloading.
/Users/choxos/Documents/GitHub/CIHRPT/tracker/views.py changed, reloading.
Watching for file changes with StatReloader
Watching for file changes with StatReloader
Watching for file changes with StatReloader
Watching for file changes with StatReloader
Watching for file changes with StatReloader
Watching for file changes with StatReloader
Watching for file changes with StatReloader
/Users/choxos/Documents/GitHub/CIHRPT/cihrpt_project/settings.py changed, reloading.
/Users/choxos/Documents/GitHub/CIHRPT/cihrpt_project/settings.py changed, reloading.
Watching for file changes with StatReloader
Watching for file changes with StatReloader
/Users/choxos/Documents/GitHub/CIHRPT/cihrpt_project/settings.py changed, reloading.
/Users/choxos/Documents/GitHub/CIHRPT/cihrpt_project/settings.py changed, reloading.
/Users/choxos/Documents/GitHub/CIHRPT/cihrpt_project/settings.py changed, reloading.
/Users/choxos/Documents/GitHub/CIHRPT/cihrpt_project/settings.py changed, reloading.
/Users/choxos/Documents/GitHub/CIHRPT/cihrpt_project/settings.py changed, reloading.
Watching for file changes with StatReloader
Watching for file changes with StatReloader
Watching for file changes with StatReloader
Watching for file changes with StatReloader
Watching for file changes with StatReloader
/Users/choxos/Documents/GitHub/CIHRPT/cihrpt_project/settings.py changed, reloading.
/Users/choxos/Documents/GitHub/CIHRPT/cihrpt_project/settings.py changed, reloading.
/Users/choxos/Documents/GitHub/CIHRPT/cihrpt_project/settings.py changed, reloading.
/Users/choxos/Documents/GitHub/CIHRPT/cihrpt_project/settings.py changed, reloading.
/Users/choxos/Documents/GitHub/CIHRPT/cihrpt_project/settings.py changed, reloading.
/Users/choxos/Documents/GitHub/CIHRPT/cihrpt_project/settings.py changed, reloading.
/Users/choxos/Documents/GitHub/CIHRPT/cihrpt_project/settings.py changed, reloading.
Watching for file changes with StatReloader
Watching for file changes with StatReloader
Watching for file changes with StatReloader
Watching for file changes with StatReloader
Watching for file changes with StatReloader
Watching for file changes with StatReloader
Watching for file changes with StatReloader
/Users/choxos/Documents/GitHub/CIHRPT/tracker/views.py changed, reloading.
/Users/choxos/Documents/GitHub/CIHRPT/tracker/views.py changed, reloading.
/Users/choxos/Documents/GitHub/CIHRPT/tracker/views.py changed, reloading.
/Users/choxos/Documents/GitHub/CIHRPT/tracker/views.py changed, reloading.
/Users/choxos/Documents/GitHub/CIHRPT/tracker/views.py changed, reloading.
/Users/choxos/Documents/GitHub/CIHRPT/tracker/views.py changed, reloading.
/Users/choxos/Documents/GitHub/CIHRPT/tracker/views.py changed, reloading.
Watching for file changes with StatReloader
Watching for file changes with StatReloader
Watching for file changes with StatReloader
Watching for file changes with StatReloader
Watching for file changes with StatReloader
Watching for file changes with StatReloader
Watching for file changes with StatReloader
/Users/choxos/Documents/GitHub/CIHRPT/tracker/views.py changed, reloading.
/Users/choxos/Documents/GitHub/CIHRPT/tracker/views.py changed, reloading.
/Users/choxos/Documents/GitHub/CIHRPT/tracker/views.py changed, reloading.
/Users/choxos/Documents/GitHub/CIHRPT/tracker/views.py changed, reloading.
/Users/choxos/Documents/GitHub/CIHRPT/tracker/views.py changed, reloading.
/Users/choxos/Documents/GitHub/CIHRPT/tracker/views.py changed, reloading.
/Users/choxos/Documents/GitHub/CIHRPT/tracker/views.py changed, reloading.
Watching for file changes with StatReloader
Watching for file changes with StatReloader
Watching for file changes with StatReloader
Watching for file changes with StatReloader
Watching for file changes with StatReloader
Watching for file changes with StatReloader
Watching for file changes with StatReloader
/Users/choxos/Documents/GitHub/CIHRPT/tracker/views.py changed, reloading.
/Users/choxos/Documents/GitHub/CIHRPT/tracker/views.py changed, reloading.
/Users/choxos/Documents/GitHub/CIHRPT/tracker/views.py changed, reloading.
/Users/choxos/Documents/GitHub/CIHRPT/tracker/views.py changed, reloading.
/Users/choxos/Documents/GitHub/CIHRPT/tracker/views.py changed, reloading.
/Users/choxos/Documents/GitHub/CIHRPT/tracker/views.py changed, reloading.
/Users/choxos/Documents/GitHub/CIHRPT/tracker/views.py changed, reloading.
Watching for file changes with StatReloader
Watching for file changes with StatReloader
Watching for file changes with StatReloader
Watching for file changes with StatReloader
Watching for file changes with StatReloader
Watching for file changes with StatReloader
Watching for file changes with StatReloader
Watching for file changes with StatReloader
Watching for file changes with StatReloader
"GET / HTTP/1.1" 200 29353
"GET / HTTP/1.1" 200 29353
"GET /static/js/theme-toggle.js HTTP/1.1" 200 7838
"GET /static/manifest.json HTTP/1.1" 404 1966
"GET /static/css/themes/cihrpt-theme.css HTTP/1.1" 200 1445
"GET /static/css/dark-theme.css HTTP/1.1" 200 12099
"GET /static/js/performance-optimizations.js HTTP/1.1" 200 18927
"GET /static/js/performance-optimizations.js HTTP/1.1" 200 18927
"GET /static/css/xera-unified-theme.css HTTP/1.1" 200 16589
"GET /static/js/sw.js HTTP/1.1" 404 1951
Not Found: /sw.js
"GET /sw.js HTTP/1.1" 404 4468
/Users/choxos/Documents/GitHub/CIHRPT/tracker/views.py changed, reloading.
/Users/choxos/Documents/GitHub/CIHRPT/tracker/views.py changed, reloading.
/Users/choxos/Documents/GitHub/CIHRPT/tracker/views.py changed, reloading.
/Users/choxos/Documents/GitHub/CIHRPT/tracker/views.py changed, reloading.
/Users/choxos/Documents/GitHub/CIHRPT/tracker/views.py changed, reloading.
/Users/choxos/Documents/GitHub/CIHRPT/tracker/views.py changed, reloading.
/Users/choxos/Documents/GitHub/CIHRPT/tracker/views.py changed, reloading.
/Users/choxos/Documents/GitHub/CIHRPT/tracker/views.py changed, reloading.
Watching for file changes with StatReloader
Watching for file changes with StatReloader
Watching for file changes with StatReloader
Watching for file changes with StatReloader
Watching for file changes with StatReloader
Watching for file changes with StatReloader
Watching for file changes with StatReloader
Watching for file changes with StatReloader
/Users/choxos/Documents/GitHub/CIHRPT/tracker/views.py changed, reloading.
/Users/choxos/Documents/GitHub/CIHRPT/tracker/views.py changed, reloading.
/Users/choxos/Documents/GitHub/CIHRPT/tracker/views.py changed, reloading.
/Users/choxos/Documents/GitHub/CIHRPT/tracker/views.py changed, reloading.
/Users/choxos/Documents/GitHub/CIHRPT/tracker/views.py changed, reloading.
Watching for file changes with StatReloader
Watching for file changes with StatReloader
Watching for file changes with StatReloader
Watching for file changes with StatReloader
Watching for file changes with StatReloader
/Users/choxos/Documents/GitHub/CIHRPT/tracker/views.py changed, reloading.
/Users/choxos/Documents/GitHub/CIHRPT/tracker/views.py changed, reloading.
/Users/choxos/Documents/GitHub/CIHRPT/tracker/views.py changed, reloading.
Watching for file changes with StatReloader
Watching for file changes with StatReloader
Watching for file changes with StatReloader
Watching for file changes with StatReloader
"GET / HTTP/1.1" 200 29353
"GET /institutions/ HTTP/1.1" 200 61598
"GET /institutions/ HTTP/1.1" 200 61598
"GET /cihr-institutes/ HTTP/1.1" 200 40520
"GET /institutions/ HTTP/1.1" 200 61598
"GET /cihr-institutes/ HTTP/1.1" 200 40520
"GET /projects/ HTTP/1.1" 200 16922898
/Users/choxos/Documents/GitHub/CIHRPT/tracker/views.py changed, reloading.
/Users/choxos/Documents/GitHub/CIHRPT/tracker/views.py changed, reloading.
/Users/choxos/Documents/GitHub/CIHRPT/tracker/views.py changed, reloading.
/Users/choxos/Documents/GitHub/CIHRPT/tracker/views.py changed, reloading.
/Users/choxos/Documents/GitHub/CIHRPT/tracker/views.py changed, reloading.
/Users/choxos/Documents/GitHub/CIHRPT/tracker/views.py changed, reloading.
/Users/choxos/Documents/GitHub/CIHRPT/tracker/views.py changed, reloading.
Watching for file changes with StatReloader
Watching for file changes with StatReloader
Watching for file changes with StatReloader
Watching for file changes with StatReloader
Watching for file changes with StatReloader
Watching for file changes with StatReloader
Watching for file changes with StatReloader
/Users/choxos/Documents/GitHub/CIHRPT/tracker/views.py changed, reloading.
Watching for file changes with StatReloader
"GET /projects/ HTTP/1.1" 200 194443
"GET /projects/ HTTP/1.1" 200 194443
"GET /projects/?search=cancer HTTP/1.1" 200 182871
"GET /projects/ HTTP/1.1" 200 194443
"GET /projects/168880/ HTTP/1.1" 200 36445
"GET /static/css/xera-unified-theme.css HTTP/1.1" 304 0
"GET /static/js/theme-toggle.js HTTP/1.1" 304 0
"GET /static/css/dark-theme.css HTTP/1.1" 304 0
"GET /static/css/themes/cihrpt-theme.css HTTP/1.1" 304 0
"GET /static/js/performance-optimizations.js HTTP/1.1" 200 18927
Not Found: /sw.js
"GET /sw.js HTTP/1.1" 404 4468
"GET /static/favicon.ico HTTP/1.1" 304 0
"GET /static/js/sw.js HTTP/1.1" 404 1951
"GET /projects/?research_institution=University%20Hospital%20%28U.B.C.%29 HTTP/1.1" 200 194867
"GET /projects/ HTTP/1.1" 200 194443
Not Found: /sw.js
"GET /projects/467600/ HTTP/1.1" 200 25698
"GET /sw.js HTTP/1.1" 404 4468
"GET /static/js/sw.js HTTP/1.1" 404 1951
"GET /projects/467619/ HTTP/1.1" 200 25379
- Broken pipe from ('127.0.0.1', 50478)
- Broken pipe from ('127.0.0.1', 50464)
"GET /statistics/ HTTP/1.1" 200 39530
- Broken pipe from ('127.0.0.1', 50465)
"GET /statistics/ HTTP/1.1" 200 39530
"GET /projects/?search=cancer HTTP/1.1" 200 182871
"GET /projects/ HTTP/1.1" 200 194443
"GET /static/js/performance-optimizations.js HTTP/1.1" 304 0
"GET /static/js/sw.js HTTP/1.1" 404 1951
"GET /static/favicon.svg HTTP/1.1" 304 0
Not Found: /sw.js
"GET /sw.js HTTP/1.1" 404 4468
/Users/choxos/Documents/GitHub/CIHRPT/cihrpt_project/settings.py changed, reloading.
/Users/choxos/Documents/GitHub/CIHRPT/cihrpt_project/settings.py changed, reloading.
/Users/choxos/Documents/GitHub/CIHRPT/cihrpt_project/settings.py changed, reloading.
/Users/choxos/Documents/GitHub/CIHRPT/cihrpt_project/settings.py changed, reloading.
/Users/choxos/Documents/GitHub/CIHRPT/cihrpt_project/settings.py changed, reloading.
/Users/choxos/Documents/GitHub/CIHRPT/cihrpt_project/settings.py changed, reloading.
/Users/choxos/Documents/GitHub/CIHRPT/cihrpt_project/settings.py changed, reloading.
Watching for file changes with StatReloader
Watching for file changes with StatReloader
Watching for file changes with StatReloader
Watching for file changes with StatReloader
Watching for file changes with StatReloader
Watching for file changes with StatReloader
Watching for file changes with StatReloader
